<?xml version="1.0" encoding="UTF-8"?>
<!-- Generated by org.testng.reporters.JUnitReportReporter -->
<testsuite skipped="0" hostname="Mukarram-PC" name="Runner.TestRunner" tests="5" failures="0" timestamp="07 Jul 2019 14:45:24 GMT" time="7.863" errors="0">
  <testcase name="runScenario" time="1.206" classname="Runner.TestRunner"/>
  <testcase name="runScenario" time="2.729" classname="Runner.TestRunner"/>
  <testcase name="runScenario" time="1.504" classname="Runner.TestRunner"/>
  <testcase name="runScenario" time="1.215" classname="Runner.TestRunner"/>
  <testcase name="runScenario" time="1.209" classname="Runner.TestRunner"/>
</testsuite> <!-- Runner.TestRunner -->
